<?xml version="1.0" encoding="UTF-8"?>
<!-- Generated by org.testng.reporters.JUnitXMLReporter -->
<testsuite ignored="0" hostname="LAPTOP-3JRU7OQF" failures="0" tests="6" name="Edge" time="0.032" errors="0" timestamp="2022-09-24T14:15:43 IST">
  <testcase classname="test.VerifyHeaderOfMainPage" name="@BeforeTest launchBrowser" time="-1.664009143559E9">
    <failure type="org.testng.TestNGException" message="
Parameter &amp;apos;broswer&amp;apos; is required by BeforeTest on method launchBrowser but has not been marked @Optional or defined
in C:\Users\Ganesh_Pradeep\eclipse-workspace\amazon123\testng.xml">
      <![CDATA[org.testng.TestNGException: 
Parameter 'broswer' is required by BeforeTest on method launchBrowser but has not been marked @Optional or defined
in C:\Users\Ganesh_Pradeep\eclipse-workspace\amazon123\testng.xml
... Removed 21 stack frames]]>
    </failure>
  </testcase> <!-- @BeforeTest launchBrowser -->
  <testcase classname="test.Verify_Search_MobilePage" name="@BeforeTest launchBrowser" time="-1.664009143561E9">
    <skipped/>
  </testcase> <!-- @BeforeTest launchBrowser -->
  <testcase classname="test.verifyBooksAdvanceSearch" name="@BeforeTest launchBrowser" time="-1.664009143562E9">
    <skipped/>
  </testcase> <!-- @BeforeTest launchBrowser -->
  <testcase classname="test.verifyBooksAdvanceSearch" name="@BeforeClass objectClass" time="-1.664009143564E9">
    <skipped/>
  </testcase> <!-- @BeforeClass objectClass -->
  <testcase classname="test.verifyBooksAdvanceSearch" name="@BeforeMethod openURL" time="-1.664009143566E9">
    <skipped/>
  </testcase> <!-- @BeforeMethod openURL -->
  <testcase classname="test.verifyBooksAdvanceSearch" name="@AfterClass removeObject" time="-1.664009143569E9">
    <skipped/>
  </testcase> <!-- @AfterClass removeObject -->
  <testcase classname="test.Verify_Search_MobilePage" name="@BeforeClass objectPOMClass" time="-1.66400914357E9">
    <skipped/>
  </testcase> <!-- @BeforeClass objectPOMClass -->
  <testcase classname="test.Verify_Search_MobilePage" name="@BeforeMethod openURL" time="-1.664009143572E9">
    <skipped/>
  </testcase> <!-- @BeforeMethod openURL -->
  <testcase classname="test.Verify_Search_MobilePage" name="@AfterClass removeObject" time="-1.664009143575E9">
    <skipped/>
  </testcase> <!-- @AfterClass removeObject -->
  <testcase classname="test.VerifyHeaderOfMainPage" name="@BeforeClass objectPOMClass" time="-1.664009143576E9">
    <skipped/>
  </testcase> <!-- @BeforeClass objectPOMClass -->
  <testcase classname="test.VerifyHeaderOfMainPage" name="@BeforeMethod getURL" time="-1.664009143577E9">
    <skipped/>
  </testcase> <!-- @BeforeMethod getURL -->
  <testcase classname="test.VerifyHeaderOfMainPage" name="@BeforeMethod getURL" time="-1.66400914358E9">
    <skipped/>
  </testcase> <!-- @BeforeMethod getURL -->
  <testcase classname="test.VerifyHeaderOfMainPage" name="@BeforeMethod getURL" time="-1.664009143583E9">
    <skipped/>
  </testcase> <!-- @BeforeMethod getURL -->
  <testcase classname="test.VerifyHeaderOfMainPage" name="@BeforeMethod getURL" time="-1.664009143588E9">
    <skipped/>
  </testcase> <!-- @BeforeMethod getURL -->
  <testcase classname="test.VerifyHeaderOfMainPage" name="@AfterClass romoveObject" time="-1.664009143589E9">
    <skipped/>
  </testcase> <!-- @AfterClass romoveObject -->
  <testcase classname="test.VerifyHeaderOfMainPage" name="@AfterTest closeBrowser" time="-1.664009143589E9">
    <skipped/>
  </testcase> <!-- @AfterTest closeBrowser -->
  <testcase classname="test.Verify_Search_MobilePage" name="@AfterTest closeBrowser" time="-1.66400914359E9">
    <skipped/>
  </testcase> <!-- @AfterTest closeBrowser -->
  <testcase classname="test.verifyBooksAdvanceSearch" name="@AfterTest closeBrowser" time="-1.664009143591E9">
    <skipped/>
  </testcase> <!-- @AfterTest closeBrowser -->
  <testcase classname="test.verifyBooksAdvanceSearch" name="verifyAdvanceSearch" time="0.0">
    <skipped/>
  </testcase> <!-- verifyAdvanceSearch -->
  <testcase classname="test.Verify_Search_MobilePage" name="verifyWithoutExchangeIsSelected" time="0.0">
    <skipped/>
  </testcase> <!-- verifyWithoutExchangeIsSelected -->
  <testcase classname="test.VerifyHeaderOfMainPage" name="verifyAllTab" time="0.0">
    <skipped/>
  </testcase> <!-- verifyAllTab -->
  <testcase classname="test.VerifyHeaderOfMainPage" name="verifyBestSellerTab" time="0.0">
    <skipped/>
  </testcase> <!-- verifyBestSellerTab -->
  <testcase classname="test.VerifyHeaderOfMainPage" name="verifyBookTab" time="0.0">
    <skipped/>
  </testcase> <!-- verifyBookTab -->
  <testcase classname="test.VerifyHeaderOfMainPage" name="verifyCustomerServiceTab" time="0.0">
    <skipped/>
  </testcase> <!-- verifyCustomerServiceTab -->
</testsuite> <!-- Edge -->
