<?xml version="1.0" encoding="UTF-8"?>
<!-- Generated by org.testng.reporters.JUnitXMLReporter -->
<testsuite ignored="0" hostname="LAPTOP-3JRU7OQF" failures="0" tests="9" name="Chrome" time="0.076" errors="0" timestamp="2022-09-25T16:30:16 IST">
  <testcase classname="test.VerifyHeaderOfMainPage" name="@BeforeTest launchBrowser" time="-1.664103616357E9">
    <failure type="org.testng.TestNGException" message="
Parameter &amp;apos;broswer&amp;apos; is required by BeforeTest on method launchBrowser but has not been marked @Optional or defined
in C:\Users\Ganesh_Pradeep\eclipse-workspace\amazon123\testng.xml">
      <![CDATA[org.testng.TestNGException: 
Parameter 'broswer' is required by BeforeTest on method launchBrowser but has not been marked @Optional or defined
in C:\Users\Ganesh_Pradeep\eclipse-workspace\amazon123\testng.xml
... Removed 21 stack frames]]>
    </failure>
  </testcase> <!-- @BeforeTest launchBrowser -->
  <testcase classname="test.Verify_Search_MobilePage" name="@BeforeTest launchBrowser" time="-1.664103616367E9">
    <skipped/>
  </testcase> <!-- @BeforeTest launchBrowser -->
  <testcase classname="test.verifyBooksAdvanceSearch" name="@BeforeTest launchBrowser" time="-1.66410361637E9">
    <skipped/>
  </testcase> <!-- @BeforeTest launchBrowser -->
  <testcase classname="test.verifyBooksAdvanceSearch" name="@BeforeClass objectClass" time="-1.664103616387E9">
    <skipped/>
  </testcase> <!-- @BeforeClass objectClass -->
  <testcase classname="test.Verify_Search_MobilePage" name="@BeforeClass objectPOMClass" time="-1.664103616387E9">
    <skipped/>
  </testcase> <!-- @BeforeClass objectPOMClass -->
  <testcase classname="test.testng" name="@BeforeClass test1" time="-1.664103616387E9">
    <skipped/>
  </testcase> <!-- @BeforeClass test1 -->
  <testcase classname="test.verifyBooksAdvanceSearch" name="@BeforeMethod openURL" time="-1.664103616398E9">
    <skipped/>
  </testcase> <!-- @BeforeMethod openURL -->
  <testcase classname="test.testng" name="@BeforeMethod test2" time="-1.664103616398E9">
    <skipped/>
  </testcase> <!-- @BeforeMethod test2 -->
  <testcase classname="test.Verify_Search_MobilePage" name="@BeforeMethod openURL" time="-1.664103616398E9">
    <skipped/>
  </testcase> <!-- @BeforeMethod openURL -->
  <testcase classname="test.Verify_Search_MobilePage" name="@AfterClass removeObject" time="-1.664103616406E9">
    <skipped/>
  </testcase> <!-- @AfterClass removeObject -->
  <testcase classname="test.verifyBooksAdvanceSearch" name="@AfterClass removeObject" time="-1.664103616406E9">
    <skipped/>
  </testcase> <!-- @AfterClass removeObject -->
  <testcase classname="test.VerifyHeaderOfMainPage" name="@BeforeClass objectPOMClass" time="-1.664103616407E9">
    <skipped/>
  </testcase> <!-- @BeforeClass objectPOMClass -->
  <testcase classname="test.testng" name="@AfterMethod test4" time="-1.664103616407E9">
    <skipped/>
  </testcase> <!-- @AfterMethod test4 -->
  <testcase classname="test.VerifyHeaderOfMainPage" name="@BeforeMethod getURL" time="-1.664103616408E9">
    <skipped/>
  </testcase> <!-- @BeforeMethod getURL -->
  <testcase classname="test.testng" name="@BeforeMethod test2" time="-1.664103616409E9">
    <skipped/>
  </testcase> <!-- @BeforeMethod test2 -->
  <testcase classname="test.VerifyHeaderOfMainPage" name="@BeforeMethod getURL" time="-1.664103616413E9">
    <skipped/>
  </testcase> <!-- @BeforeMethod getURL -->
  <testcase classname="test.testng" name="@AfterMethod test4" time="-1.664103616413E9">
    <skipped/>
  </testcase> <!-- @AfterMethod test4 -->
  <testcase classname="test.testng" name="@BeforeMethod test2" time="-1.664103616414E9">
    <skipped/>
  </testcase> <!-- @BeforeMethod test2 -->
  <testcase classname="test.VerifyHeaderOfMainPage" name="@BeforeMethod getURL" time="-1.664103616416E9">
    <skipped/>
  </testcase> <!-- @BeforeMethod getURL -->
  <testcase classname="test.testng" name="@AfterMethod test4" time="-1.664103616418E9">
    <skipped/>
  </testcase> <!-- @AfterMethod test4 -->
  <testcase classname="test.testng" name="@AfterClass test5" time="-1.66410361642E9">
    <skipped/>
  </testcase> <!-- @AfterClass test5 -->
  <testcase classname="test.VerifyHeaderOfMainPage" name="@BeforeMethod getURL" time="-1.664103616421E9">
    <skipped/>
  </testcase> <!-- @BeforeMethod getURL -->
  <testcase classname="test.VerifyHeaderOfMainPage" name="@AfterClass romoveObject" time="-1.664103616424E9">
    <skipped/>
  </testcase> <!-- @AfterClass romoveObject -->
  <testcase classname="test.VerifyHeaderOfMainPage" name="@AfterTest closeBrowser" time="-1.664103616425E9">
    <skipped/>
  </testcase> <!-- @AfterTest closeBrowser -->
  <testcase classname="test.Verify_Search_MobilePage" name="@AfterTest closeBrowser" time="-1.664103616425E9">
    <skipped/>
  </testcase> <!-- @AfterTest closeBrowser -->
  <testcase classname="test.verifyBooksAdvanceSearch" name="@AfterTest closeBrowser" time="-1.664103616426E9">
    <skipped/>
  </testcase> <!-- @AfterTest closeBrowser -->
  <testcase classname="test.verifyBooksAdvanceSearch" name="verifyAdvanceSearch" time="0.0">
    <skipped/>
  </testcase> <!-- verifyAdvanceSearch -->
  <testcase classname="test.Verify_Search_MobilePage" name="verifyWithoutExchangeIsSelected" time="0.0">
    <skipped/>
  </testcase> <!-- verifyWithoutExchangeIsSelected -->
  <testcase classname="test.testng" name="test3" time="0.0">
    <skipped/>
  </testcase> <!-- test3 -->
  <testcase classname="test.VerifyHeaderOfMainPage" name="verifyAllTab" time="0.0">
    <skipped/>
  </testcase> <!-- verifyAllTab -->
  <testcase classname="test.testng" name="test6" time="0.0">
    <skipped/>
  </testcase> <!-- test6 -->
  <testcase classname="test.VerifyHeaderOfMainPage" name="verifyBestSellerTab" time="0.0">
    <skipped/>
  </testcase> <!-- verifyBestSellerTab -->
  <testcase classname="test.testng" name="test7" time="0.0">
    <skipped/>
  </testcase> <!-- test7 -->
  <testcase classname="test.VerifyHeaderOfMainPage" name="verifyBookTab" time="0.0">
    <skipped/>
  </testcase> <!-- verifyBookTab -->
  <testcase classname="test.VerifyHeaderOfMainPage" name="verifyCustomerServiceTab" time="0.0">
    <skipped/>
  </testcase> <!-- verifyCustomerServiceTab -->
</testsuite> <!-- Chrome -->
